<?xml version="1.0" encoding="UTF-8"?>
<testsuite name="TwoferTest" tests="3" skipped="0" failures="0" errors="0" timestamp="2022-08-14T06:52:59" hostname="LAPTOP-E88VBUF3" time="0.059">
  <properties/>
  <testcase name="noNameGiven" classname="TwoferTest" time="0.052"/>
  <testcase name="aNameGiven" classname="TwoferTest" time="0.007"/>
  <testcase name="anotherNameGiven" classname="TwoferTest" time="0.0"/>
  <system-out><![CDATA[]]></system-out>
  <system-err><![CDATA[]]></system-err>
</testsuite>
